2018-10-16 14:13:50,897 [Worker-3] INFO  c.g.t.t.d.PublishedGradleVersions - Gradle version information cache is up-to-date. Trying to read.
2018-10-16 14:16:26,609 [Worker-0] INFO  c.g.t.t.d.PublishedGradleVersions - Gradle version information cache is up-to-date. Trying to read.
2018-10-16 14:18:00,725 [Worker-3] INFO  c.g.t.t.d.PublishedGradleVersions - Gradle version information cache is up-to-date. Trying to read.
2018-10-16 14:18:31,501 [Worker-6] INFO  o.e.m.c.i.l.LifecycleMappingFactory - Using org.eclipse.m2e.jdt.JarLifecycleMapping lifecycle mapping for MavenProject: com.qa:BlackJack:0.0.1-SNAPSHOT @ C:\Users\Admin\Downloads\Work\BlackJack\pom.xml.
2018-10-16 14:18:32,579 [Worker-6] INFO  o.e.m.c.i.embedder.EclipseLogger - Using 'UTF-8' encoding to copy filtered resources.
2018-10-16 14:18:32,579 [Worker-6] INFO  o.e.m.c.i.embedder.EclipseLogger - skip non existing resourceDirectory C:\Users\Admin\Downloads\Work\BlackJack\src\main\resources
2018-10-16 14:18:32,579 [Worker-6] INFO  o.e.m.c.i.embedder.EclipseLogger - Using 'UTF-8' encoding to copy filtered resources.
2018-10-16 14:18:32,579 [Worker-6] INFO  o.e.m.c.i.embedder.EclipseLogger - skip non existing resourceDirectory C:\Users\Admin\Downloads\Work\BlackJack\src\test\resources
2018-10-16 14:18:32,689 [Worker-6] INFO  o.e.m.c.i.l.LifecycleMappingFactory - Using org.eclipse.m2e.jdt.JarLifecycleMapping lifecycle mapping for MavenProject: com.qa:Calculator:0.0.1-SNAPSHOT @ C:\Users\Admin\Downloads\Work\Calculator\pom.xml.
2018-10-16 14:18:32,892 [Worker-6] INFO  o.e.m.c.i.embedder.EclipseLogger - Using 'UTF-8' encoding to copy filtered resources.
2018-10-16 14:18:32,892 [Worker-6] INFO  o.e.m.c.i.embedder.EclipseLogger - skip non existing resourceDirectory C:\Users\Admin\Downloads\Work\Calculator\src\main\resources
2018-10-16 14:18:32,892 [Worker-6] INFO  o.e.m.c.i.embedder.EclipseLogger - Using 'UTF-8' encoding to copy filtered resources.
2018-10-16 14:18:32,892 [Worker-6] INFO  o.e.m.c.i.embedder.EclipseLogger - skip non existing resourceDirectory C:\Users\Admin\Downloads\Work\Calculator\src\test\resources
2018-10-16 14:18:33,517 [Worker-1] INFO  o.e.m.c.i.l.LifecycleMappingFactory - Using org.eclipse.m2e.jdt.JarLifecycleMapping lifecycle mapping for MavenProject: com.qa:BlackJack:0.0.1-SNAPSHOT @ C:\Users\Admin\Downloads\Work\BlackJack\pom.xml.
2018-10-16 14:18:33,892 [Worker-3] INFO  o.e.m.c.i.embedder.EclipseLogger - Using 'UTF-8' encoding to copy filtered resources.
2018-10-16 14:18:33,892 [Worker-3] INFO  o.e.m.c.i.embedder.EclipseLogger - skip non existing resourceDirectory C:\Users\Admin\Downloads\Work\BlackJack\src\main\resources
2018-10-16 14:18:33,892 [Worker-3] INFO  o.e.m.c.i.embedder.EclipseLogger - Using 'UTF-8' encoding to copy filtered resources.
2018-10-16 14:18:33,892 [Worker-3] INFO  o.e.m.c.i.embedder.EclipseLogger - skip non existing resourceDirectory C:\Users\Admin\Downloads\Work\BlackJack\src\test\resources
2018-10-16 14:18:34,095 [Worker-3] INFO  o.e.m.c.i.embedder.EclipseLogger - Using 'UTF-8' encoding to copy filtered resources.
2018-10-16 14:18:34,095 [Worker-3] INFO  o.e.m.c.i.embedder.EclipseLogger - skip non existing resourceDirectory C:\Users\Admin\Downloads\Work\Calculator\src\main\resources
2018-10-16 14:18:34,095 [Worker-3] INFO  o.e.m.c.i.embedder.EclipseLogger - Using 'UTF-8' encoding to copy filtered resources.
2018-10-16 14:18:34,095 [Worker-3] INFO  o.e.m.c.i.embedder.EclipseLogger - skip non existing resourceDirectory C:\Users\Admin\Downloads\Work\Calculator\src\test\resources
2018-10-16 14:18:34,173 [Worker-1] INFO  o.e.m.c.i.l.LifecycleMappingFactory - Using org.eclipse.m2e.jdt.JarLifecycleMapping lifecycle mapping for MavenProject: com.qa:Calculator:0.0.1-SNAPSHOT @ C:\Users\Admin\Downloads\Work\Calculator\pom.xml.
2018-10-16 14:18:34,283 [Worker-1] INFO  o.e.m.c.i.l.LifecycleMappingFactory - Using org.eclipse.m2e.jdt.JarLifecycleMapping lifecycle mapping for MavenProject: com.qa:CheckString:0.0.1-SNAPSHOT @ C:\Users\Admin\Downloads\Work\CheckString\pom.xml.
2018-10-16 14:18:34,283 [Worker-3] INFO  o.e.m.c.i.l.LifecycleMappingFactory - Using org.eclipse.m2e.jdt.JarLifecycleMapping lifecycle mapping for MavenProject: com.qa:CheckString:0.0.1-SNAPSHOT @ C:\Users\Admin\Downloads\Work\CheckString\pom.xml.
2018-10-16 14:18:34,743 [Worker-3] INFO  o.e.m.c.i.embedder.EclipseLogger - Using 'UTF-8' encoding to copy filtered resources.
2018-10-16 14:18:34,744 [Worker-3] INFO  o.e.m.c.i.embedder.EclipseLogger - skip non existing resourceDirectory C:\Users\Admin\Downloads\Work\CheckString\src\main\resources
2018-10-16 14:18:34,744 [Worker-3] INFO  o.e.m.c.i.embedder.EclipseLogger - Using 'UTF-8' encoding to copy filtered resources.
2018-10-16 14:18:34,744 [Worker-3] INFO  o.e.m.c.i.embedder.EclipseLogger - skip non existing resourceDirectory C:\Users\Admin\Downloads\Work\CheckString\src\test\resources
2018-10-16 14:18:34,863 [Worker-3] INFO  o.e.m.c.i.l.LifecycleMappingFactory - Using org.eclipse.m2e.jdt.JarLifecycleMapping lifecycle mapping for MavenProject: com.qa:Collections:0.0.1-SNAPSHOT @ C:\Users\Admin\Downloads\Work\Collections\pom.xml.
2018-10-16 14:18:35,012 [Worker-3] INFO  o.e.m.c.i.embedder.EclipseLogger - Using 'UTF-8' encoding to copy filtered resources.
2018-10-16 14:18:35,012 [Worker-3] INFO  o.e.m.c.i.embedder.EclipseLogger - skip non existing resourceDirectory C:\Users\Admin\Downloads\Work\Collections\src\main\resources
2018-10-16 14:18:35,012 [Worker-3] INFO  o.e.m.c.i.embedder.EclipseLogger - Using 'UTF-8' encoding to copy filtered resources.
2018-10-16 14:18:35,012 [Worker-3] INFO  o.e.m.c.i.embedder.EclipseLogger - skip non existing resourceDirectory C:\Users\Admin\Downloads\Work\Collections\src\test\resources
2018-10-16 14:18:35,558 [Worker-3] INFO  o.e.m.c.i.l.LifecycleMappingFactory - Using org.eclipse.m2e.jdt.JarLifecycleMapping lifecycle mapping for MavenProject: com.qa:Garage:0.0.1-SNAPSHOT @ C:\Users\Admin\Downloads\Work\Garage\pom.xml.
2018-10-16 14:18:35,745 [Worker-3] INFO  o.e.m.c.i.embedder.EclipseLogger - Using 'UTF-8' encoding to copy filtered resources.
2018-10-16 14:18:35,745 [Worker-3] INFO  o.e.m.c.i.embedder.EclipseLogger - skip non existing resourceDirectory C:\Users\Admin\Downloads\Work\Garage\src\main\resources
2018-10-16 14:18:35,745 [Worker-3] INFO  o.e.m.c.i.embedder.EclipseLogger - Using 'UTF-8' encoding to copy filtered resources.
2018-10-16 14:18:35,745 [Worker-3] INFO  o.e.m.c.i.embedder.EclipseLogger - skip non existing resourceDirectory C:\Users\Admin\Downloads\Work\Garage\src\test\resources
2018-10-16 14:18:35,839 [Worker-3] INFO  o.e.m.c.i.l.LifecycleMappingFactory - Using org.eclipse.m2e.jdt.JarLifecycleMapping lifecycle mapping for MavenProject: com.qa:HelloWorld:0.0.1-SNAPSHOT @ C:\Users\Admin\Downloads\Work\HelloWorld\pom.xml.
2018-10-16 14:18:35,995 [Worker-3] INFO  o.e.m.c.i.embedder.EclipseLogger - Using 'UTF-8' encoding to copy filtered resources.
2018-10-16 14:18:35,995 [Worker-3] INFO  o.e.m.c.i.embedder.EclipseLogger - skip non existing resourceDirectory C:\Users\Admin\Downloads\Work\HelloWorld\src\main\resources
2018-10-16 14:18:35,995 [Worker-3] INFO  o.e.m.c.i.embedder.EclipseLogger - Using 'UTF-8' encoding to copy filtered resources.
2018-10-16 14:18:35,995 [Worker-3] INFO  o.e.m.c.i.embedder.EclipseLogger - skip non existing resourceDirectory C:\Users\Admin\Downloads\Work\HelloWorld\src\test\resources
2018-10-16 14:18:36,457 [Worker-3] INFO  o.e.m.c.i.l.LifecycleMappingFactory - Using org.eclipse.m2e.jdt.JarLifecycleMapping lifecycle mapping for MavenProject: com.qa:LambdaCalculator:0.0.1-SNAPSHOT @ C:\Users\Admin\Downloads\Work\LambdaCalculator\pom.xml.
2018-10-16 14:18:36,646 [Worker-3] INFO  o.e.m.c.i.embedder.EclipseLogger - Using 'UTF-8' encoding to copy filtered resources.
2018-10-16 14:18:36,646 [Worker-3] INFO  o.e.m.c.i.embedder.EclipseLogger - skip non existing resourceDirectory C:\Users\Admin\Downloads\Work\LambdaCalculator\src\main\resources
2018-10-16 14:18:36,646 [Worker-3] INFO  o.e.m.c.i.embedder.EclipseLogger - Using 'UTF-8' encoding to copy filtered resources.
2018-10-16 14:18:36,646 [Worker-3] INFO  o.e.m.c.i.embedder.EclipseLogger - skip non existing resourceDirectory C:\Users\Admin\Downloads\Work\LambdaCalculator\src\test\resources
2018-10-16 14:18:37,001 [Worker-3] INFO  o.e.m.c.i.l.LifecycleMappingFactory - Using org.eclipse.m2e.jdt.JarLifecycleMapping lifecycle mapping for MavenProject: com.qa:LambdaCheckString:0.0.1-SNAPSHOT @ C:\Users\Admin\Downloads\Work\LambdaCheckString\pom.xml.
2018-10-16 14:18:37,264 [Worker-3] INFO  o.e.m.c.i.embedder.EclipseLogger - Using 'UTF-8' encoding to copy filtered resources.
2018-10-16 14:18:37,264 [Worker-3] INFO  o.e.m.c.i.embedder.EclipseLogger - skip non existing resourceDirectory C:\Users\Admin\Downloads\Work\LambdaCheckString\src\main\resources
2018-10-16 14:18:37,264 [Worker-3] INFO  o.e.m.c.i.embedder.EclipseLogger - Using 'UTF-8' encoding to copy filtered resources.
2018-10-16 14:18:37,264 [Worker-3] INFO  o.e.m.c.i.embedder.EclipseLogger - skip non existing resourceDirectory C:\Users\Admin\Downloads\Work\LambdaCheckString\src\test\resources
2018-10-16 14:18:37,371 [Worker-3] INFO  o.e.m.c.i.l.LifecycleMappingFactory - Using org.eclipse.m2e.jdt.JarLifecycleMapping lifecycle mapping for MavenProject: com.qa:LambdaHelloWorld:0.0.1-SNAPSHOT @ C:\Users\Admin\Downloads\Work\LambdaHelloWorld\pom.xml.
2018-10-16 14:18:37,590 [Worker-3] INFO  o.e.m.c.i.embedder.EclipseLogger - Using 'UTF-8' encoding to copy filtered resources.
2018-10-16 14:18:37,590 [Worker-3] INFO  o.e.m.c.i.embedder.EclipseLogger - skip non existing resourceDirectory C:\Users\Admin\Downloads\Work\LambdaHelloWorld\src\main\resources
2018-10-16 14:18:37,590 [Worker-3] INFO  o.e.m.c.i.embedder.EclipseLogger - Using 'UTF-8' encoding to copy filtered resources.
2018-10-16 14:18:37,590 [Worker-3] INFO  o.e.m.c.i.embedder.EclipseLogger - skip non existing resourceDirectory C:\Users\Admin\Downloads\Work\LambdaHelloWorld\src\test\resources
2018-10-16 14:18:37,766 [Worker-3] INFO  o.e.m.c.i.l.LifecycleMappingFactory - Using org.eclipse.m2e.jdt.JarLifecycleMapping lifecycle mapping for MavenProject: com.qa:Persons:0.0.1-SNAPSHOT @ C:\Users\Admin\Downloads\Work\Persons\pom.xml.
2018-10-16 14:18:37,928 [Worker-3] INFO  o.e.m.c.i.embedder.EclipseLogger - Using 'UTF-8' encoding to copy filtered resources.
2018-10-16 14:18:37,928 [Worker-3] INFO  o.e.m.c.i.embedder.EclipseLogger - skip non existing resourceDirectory C:\Users\Admin\Downloads\Work\Persons\src\main\resources
2018-10-16 14:18:37,928 [Worker-3] INFO  o.e.m.c.i.embedder.EclipseLogger - Using 'UTF-8' encoding to copy filtered resources.
2018-10-16 14:18:37,928 [Worker-3] INFO  o.e.m.c.i.embedder.EclipseLogger - skip non existing resourceDirectory C:\Users\Admin\Downloads\Work\Persons\src\test\resources
2018-10-16 14:18:38,044 [Worker-3] INFO  o.e.m.c.i.l.LifecycleMappingFactory - Using org.eclipse.m2e.jdt.JarLifecycleMapping lifecycle mapping for MavenProject: com.qa:PrintNumbers:0.0.1-SNAPSHOT @ C:\Users\Admin\Downloads\Work\PrintNumbers\pom.xml.
2018-10-16 14:18:38,204 [Worker-3] INFO  o.e.m.c.i.embedder.EclipseLogger - Using 'UTF-8' encoding to copy filtered resources.
2018-10-16 14:18:38,204 [Worker-3] INFO  o.e.m.c.i.embedder.EclipseLogger - skip non existing resourceDirectory C:\Users\Admin\Downloads\Work\PrintNumbers\src\main\resources
2018-10-16 14:18:38,204 [Worker-3] INFO  o.e.m.c.i.embedder.EclipseLogger - Using 'UTF-8' encoding to copy filtered resources.
2018-10-16 14:18:38,204 [Worker-3] INFO  o.e.m.c.i.embedder.EclipseLogger - skip non existing resourceDirectory C:\Users\Admin\Downloads\Work\PrintNumbers\src\test\resources
2018-10-16 14:18:38,267 [Worker-3] INFO  o.e.m.c.i.l.LifecycleMappingFactory - Using org.eclipse.m2e.jdt.JarLifecycleMapping lifecycle mapping for MavenProject: com.qa:StreamCollections:0.0.1-SNAPSHOT @ C:\Users\Admin\Downloads\Work\StreamCollections\pom.xml.
2018-10-16 14:18:38,392 [Worker-3] INFO  o.e.m.c.i.embedder.EclipseLogger - Using 'UTF-8' encoding to copy filtered resources.
2018-10-16 14:18:38,392 [Worker-3] INFO  o.e.m.c.i.embedder.EclipseLogger - skip non existing resourceDirectory C:\Users\Admin\Downloads\Work\StreamCollections\src\main\resources
2018-10-16 14:18:38,392 [Worker-3] INFO  o.e.m.c.i.embedder.EclipseLogger - Using 'UTF-8' encoding to copy filtered resources.
2018-10-16 14:18:38,392 [Worker-3] INFO  o.e.m.c.i.embedder.EclipseLogger - skip non existing resourceDirectory C:\Users\Admin\Downloads\Work\StreamCollections\src\test\resources
2018-10-16 14:18:38,720 [Worker-2] INFO  o.e.m.c.i.l.LifecycleMappingFactory - Using org.eclipse.m2e.jdt.JarLifecycleMapping lifecycle mapping for MavenProject: com.qa:BlackJack:0.0.1-SNAPSHOT @ C:\Users\Admin\Downloads\Work\BlackJack\pom.xml.
2018-10-16 14:18:38,751 [Worker-2] INFO  o.e.m.c.i.l.LifecycleMappingFactory - Using org.eclipse.m2e.jdt.JarLifecycleMapping lifecycle mapping for MavenProject: com.qa:Calculator:0.0.1-SNAPSHOT @ C:\Users\Admin\Downloads\Work\Calculator\pom.xml.
2018-10-16 14:18:38,782 [Worker-2] INFO  o.e.m.c.i.l.LifecycleMappingFactory - Using org.eclipse.m2e.jdt.JarLifecycleMapping lifecycle mapping for MavenProject: com.qa:CheckString:0.0.1-SNAPSHOT @ C:\Users\Admin\Downloads\Work\CheckString\pom.xml.
2018-10-16 14:18:38,814 [Worker-2] INFO  o.e.m.c.i.l.LifecycleMappingFactory - Using org.eclipse.m2e.jdt.JarLifecycleMapping lifecycle mapping for MavenProject: com.qa:Collections:0.0.1-SNAPSHOT @ C:\Users\Admin\Downloads\Work\Collections\pom.xml.
2018-10-16 14:18:38,845 [Worker-2] INFO  o.e.m.c.i.l.LifecycleMappingFactory - Using org.eclipse.m2e.jdt.JarLifecycleMapping lifecycle mapping for MavenProject: com.qa:Garage:0.0.1-SNAPSHOT @ C:\Users\Admin\Downloads\Work\Garage\pom.xml.
2018-10-16 14:18:38,904 [Worker-2] INFO  o.e.m.c.i.l.LifecycleMappingFactory - Using org.eclipse.m2e.jdt.JarLifecycleMapping lifecycle mapping for MavenProject: com.qa:HelloWorld:0.0.1-SNAPSHOT @ C:\Users\Admin\Downloads\Work\HelloWorld\pom.xml.
2018-10-16 14:18:38,920 [Worker-2] INFO  o.e.m.c.i.l.LifecycleMappingFactory - Using org.eclipse.m2e.jdt.JarLifecycleMapping lifecycle mapping for MavenProject: com.qa:LambdaCalculator:0.0.1-SNAPSHOT @ C:\Users\Admin\Downloads\Work\LambdaCalculator\pom.xml.
2018-10-16 14:18:38,951 [Worker-2] INFO  o.e.m.c.i.l.LifecycleMappingFactory - Using org.eclipse.m2e.jdt.JarLifecycleMapping lifecycle mapping for MavenProject: com.qa:LambdaCheckString:0.0.1-SNAPSHOT @ C:\Users\Admin\Downloads\Work\LambdaCheckString\pom.xml.
2018-10-16 14:18:38,998 [Worker-2] INFO  o.e.m.c.i.l.LifecycleMappingFactory - Using org.eclipse.m2e.jdt.JarLifecycleMapping lifecycle mapping for MavenProject: com.qa:LambdaHelloWorld:0.0.1-SNAPSHOT @ C:\Users\Admin\Downloads\Work\LambdaHelloWorld\pom.xml.
2018-10-16 14:18:39,029 [Worker-2] INFO  o.e.m.c.i.l.LifecycleMappingFactory - Using org.eclipse.m2e.jdt.JarLifecycleMapping lifecycle mapping for MavenProject: com.qa:Persons:0.0.1-SNAPSHOT @ C:\Users\Admin\Downloads\Work\Persons\pom.xml.
2018-10-16 14:18:39,045 [Worker-2] INFO  o.e.m.c.i.l.LifecycleMappingFactory - Using org.eclipse.m2e.jdt.JarLifecycleMapping lifecycle mapping for MavenProject: com.qa:PrintNumbers:0.0.1-SNAPSHOT @ C:\Users\Admin\Downloads\Work\PrintNumbers\pom.xml.
2018-10-16 14:18:39,076 [Worker-2] INFO  o.e.m.c.i.l.LifecycleMappingFactory - Using org.eclipse.m2e.jdt.JarLifecycleMapping lifecycle mapping for MavenProject: com.qa:StreamCollections:0.0.1-SNAPSHOT @ C:\Users\Admin\Downloads\Work\StreamCollections\pom.xml.
2018-10-16 14:18:39,529 [Worker-12] INFO  o.e.m.c.i.embedder.EclipseLogger - Using 'UTF-8' encoding to copy filtered resources.
2018-10-16 14:18:39,529 [Worker-12] INFO  o.e.m.c.i.embedder.EclipseLogger - skip non existing resourceDirectory C:\Users\Admin\Downloads\Work\BlackJack\src\main\resources
2018-10-16 14:18:39,545 [Worker-12] INFO  o.e.m.c.i.embedder.EclipseLogger - Using 'UTF-8' encoding to copy filtered resources.
2018-10-16 14:18:39,545 [Worker-12] INFO  o.e.m.c.i.embedder.EclipseLogger - skip non existing resourceDirectory C:\Users\Admin\Downloads\Work\BlackJack\src\test\resources
2018-10-16 14:18:39,545 [Worker-12] INFO  o.e.m.c.i.embedder.EclipseLogger - Using 'UTF-8' encoding to copy filtered resources.
2018-10-16 14:18:39,545 [Worker-12] INFO  o.e.m.c.i.embedder.EclipseLogger - skip non existing resourceDirectory C:\Users\Admin\Downloads\Work\Calculator\src\main\resources
2018-10-16 14:18:39,545 [Worker-12] INFO  o.e.m.c.i.embedder.EclipseLogger - Using 'UTF-8' encoding to copy filtered resources.
2018-10-16 14:18:39,545 [Worker-12] INFO  o.e.m.c.i.embedder.EclipseLogger - skip non existing resourceDirectory C:\Users\Admin\Downloads\Work\Calculator\src\test\resources
2018-10-16 14:18:39,576 [Worker-12] INFO  o.e.m.c.i.embedder.EclipseLogger - Using 'UTF-8' encoding to copy filtered resources.
2018-10-16 14:18:39,576 [Worker-12] INFO  o.e.m.c.i.embedder.EclipseLogger - skip non existing resourceDirectory C:\Users\Admin\Downloads\Work\CheckString\src\main\resources
2018-10-16 14:18:39,576 [Worker-12] INFO  o.e.m.c.i.embedder.EclipseLogger - Using 'UTF-8' encoding to copy filtered resources.
2018-10-16 14:18:39,576 [Worker-12] INFO  o.e.m.c.i.embedder.EclipseLogger - skip non existing resourceDirectory C:\Users\Admin\Downloads\Work\CheckString\src\test\resources
2018-10-16 14:18:39,608 [Worker-12] INFO  o.e.m.c.i.embedder.EclipseLogger - Using 'UTF-8' encoding to copy filtered resources.
2018-10-16 14:18:39,608 [Worker-12] INFO  o.e.m.c.i.embedder.EclipseLogger - skip non existing resourceDirectory C:\Users\Admin\Downloads\Work\Collections\src\main\resources
2018-10-16 14:18:39,623 [Worker-12] INFO  o.e.m.c.i.embedder.EclipseLogger - Using 'UTF-8' encoding to copy filtered resources.
2018-10-16 14:18:39,623 [Worker-12] INFO  o.e.m.c.i.embedder.EclipseLogger - skip non existing resourceDirectory C:\Users\Admin\Downloads\Work\Collections\src\test\resources
2018-10-16 14:18:39,686 [Worker-12] INFO  o.e.m.c.i.embedder.EclipseLogger - Using 'UTF-8' encoding to copy filtered resources.
2018-10-16 14:18:39,686 [Worker-12] INFO  o.e.m.c.i.embedder.EclipseLogger - skip non existing resourceDirectory C:\Users\Admin\Downloads\Work\Garage\src\main\resources
2018-10-16 14:18:39,701 [Worker-12] INFO  o.e.m.c.i.embedder.EclipseLogger - Using 'UTF-8' encoding to copy filtered resources.
2018-10-16 14:18:39,701 [Worker-12] INFO  o.e.m.c.i.embedder.EclipseLogger - skip non existing resourceDirectory C:\Users\Admin\Downloads\Work\Garage\src\test\resources
2018-10-16 14:18:39,733 [Worker-12] INFO  o.e.m.c.i.embedder.EclipseLogger - Using 'UTF-8' encoding to copy filtered resources.
2018-10-16 14:18:39,733 [Worker-12] INFO  o.e.m.c.i.embedder.EclipseLogger - skip non existing resourceDirectory C:\Users\Admin\Downloads\Work\HelloWorld\src\main\resources
2018-10-16 14:18:39,733 [Worker-12] INFO  o.e.m.c.i.embedder.EclipseLogger - Using 'UTF-8' encoding to copy filtered resources.
2018-10-16 14:18:39,733 [Worker-12] INFO  o.e.m.c.i.embedder.EclipseLogger - skip non existing resourceDirectory C:\Users\Admin\Downloads\Work\HelloWorld\src\test\resources
2018-10-16 14:18:39,795 [Worker-12] INFO  o.e.m.c.i.embedder.EclipseLogger - Using 'UTF-8' encoding to copy filtered resources.
2018-10-16 14:18:39,795 [Worker-12] INFO  o.e.m.c.i.embedder.EclipseLogger - skip non existing resourceDirectory C:\Users\Admin\Downloads\Work\LambdaCalculator\src\main\resources
2018-10-16 14:18:39,795 [Worker-12] INFO  o.e.m.c.i.embedder.EclipseLogger - Using 'UTF-8' encoding to copy filtered resources.
2018-10-16 14:18:39,795 [Worker-12] INFO  o.e.m.c.i.embedder.EclipseLogger - skip non existing resourceDirectory C:\Users\Admin\Downloads\Work\LambdaCalculator\src\test\resources
2018-10-16 14:18:39,826 [Worker-12] INFO  o.e.m.c.i.embedder.EclipseLogger - Using 'UTF-8' encoding to copy filtered resources.
2018-10-16 14:18:39,826 [Worker-12] INFO  o.e.m.c.i.embedder.EclipseLogger - skip non existing resourceDirectory C:\Users\Admin\Downloads\Work\LambdaCheckString\src\main\resources
2018-10-16 14:18:39,826 [Worker-12] INFO  o.e.m.c.i.embedder.EclipseLogger - Using 'UTF-8' encoding to copy filtered resources.
2018-10-16 14:18:39,826 [Worker-12] INFO  o.e.m.c.i.embedder.EclipseLogger - skip non existing resourceDirectory C:\Users\Admin\Downloads\Work\LambdaCheckString\src\test\resources
2018-10-16 14:18:39,858 [Worker-12] INFO  o.e.m.c.i.embedder.EclipseLogger - Using 'UTF-8' encoding to copy filtered resources.
2018-10-16 14:18:39,858 [Worker-12] INFO  o.e.m.c.i.embedder.EclipseLogger - skip non existing resourceDirectory C:\Users\Admin\Downloads\Work\LambdaHelloWorld\src\main\resources
2018-10-16 14:18:39,858 [Worker-12] INFO  o.e.m.c.i.embedder.EclipseLogger - Using 'UTF-8' encoding to copy filtered resources.
2018-10-16 14:18:39,858 [Worker-12] INFO  o.e.m.c.i.embedder.EclipseLogger - skip non existing resourceDirectory C:\Users\Admin\Downloads\Work\LambdaHelloWorld\src\test\resources
2018-10-16 14:18:39,920 [Worker-12] INFO  o.e.m.c.i.embedder.EclipseLogger - Using 'UTF-8' encoding to copy filtered resources.
2018-10-16 14:18:39,920 [Worker-12] INFO  o.e.m.c.i.embedder.EclipseLogger - skip non existing resourceDirectory C:\Users\Admin\Downloads\Work\Persons\src\main\resources
2018-10-16 14:18:39,920 [Worker-12] INFO  o.e.m.c.i.embedder.EclipseLogger - Using 'UTF-8' encoding to copy filtered resources.
2018-10-16 14:18:39,920 [Worker-12] INFO  o.e.m.c.i.embedder.EclipseLogger - skip non existing resourceDirectory C:\Users\Admin\Downloads\Work\Persons\src\test\resources
2018-10-16 14:18:39,951 [Worker-12] INFO  o.e.m.c.i.embedder.EclipseLogger - Using 'UTF-8' encoding to copy filtered resources.
2018-10-16 14:18:39,951 [Worker-12] INFO  o.e.m.c.i.embedder.EclipseLogger - skip non existing resourceDirectory C:\Users\Admin\Downloads\Work\PrintNumbers\src\main\resources
2018-10-16 14:18:39,951 [Worker-12] INFO  o.e.m.c.i.embedder.EclipseLogger - Using 'UTF-8' encoding to copy filtered resources.
2018-10-16 14:18:39,951 [Worker-12] INFO  o.e.m.c.i.embedder.EclipseLogger - skip non existing resourceDirectory C:\Users\Admin\Downloads\Work\PrintNumbers\src\test\resources
2018-10-16 14:18:39,998 [Worker-12] INFO  o.e.m.c.i.embedder.EclipseLogger - Using 'UTF-8' encoding to copy filtered resources.
2018-10-16 14:18:39,998 [Worker-12] INFO  o.e.m.c.i.embedder.EclipseLogger - skip non existing resourceDirectory C:\Users\Admin\Downloads\Work\StreamCollections\src\main\resources
2018-10-16 14:18:39,998 [Worker-12] INFO  o.e.m.c.i.embedder.EclipseLogger - Using 'UTF-8' encoding to copy filtered resources.
2018-10-16 14:18:39,998 [Worker-12] INFO  o.e.m.c.i.embedder.EclipseLogger - skip non existing resourceDirectory C:\Users\Admin\Downloads\Work\StreamCollections\src\test\resources
